ncsim(64) 14.10-s005
Linux 2.6.32-431.el6.x86_64 #1 SMP Fri Nov 22 03:15:09 UTC 2013 x86_64
CPU cores: 24
Limit information:
======================================
cputime			unlimited
filesize		unlimited
datasize		unlimited
stacksize		10240 kbytes
coredumpsize	0 kbytes
memoryuse		unlimited
vmemoryuse		unlimited
descriptors		4096
memorylocked	64 kbytes
maxproc			1024
======================================
(Special)Runtime environment variables:

Runtime environment variables:
HOSTNAME=ideal125
SELINUX_ROLE_REQUESTED=
TERM=xterm
SHELL=/bin/sh
HISTSIZE=1000
SSH_CLIENT=140.116.245.113 59250 22
SELINUX_USE_CURRENT_RANGE=
QTDIR=/usr/lib64/qt-3.3
QTINC=/usr/lib64/qt-3.3/include
SSH_TTY=/dev/pts/3
USER=yuhong
LS_COLORS=rs=0:di=01;34:ln=01;36:mh=00:pi=40;33:so=01;35:do=01;35:bd=40;33;01:cd=40;33;01:or=40;31;01:mi=01;05;37;41:su=37;41:sg=30;43:ca=30;41:tw=30;42:ow=34;42:st=37;44:ex=01;32:*.tar=01;31:*.tgz=01;31:*.arj=01;31:*.taz=01;31:*.lzh=01;31:*.lzma=01;31:*.tlz=01;31:*.txz=01;31:*.zip=01;31:*.z=01;31:*.Z=01;31:*.dz=01;31:*.gz=01;31:*.lz=01;31:*.xz=01;31:*.bz2=01;31:*.tbz=01;31:*.tbz2=01;31:*.bz=01;31:*.tz=01;31:*.deb=01;31:*.rpm=01;31:*.jar=01;31:*.rar=01;31:*.ace=01;31:*.zoo=01;31:*.cpio=01;31:*.7z=01;31:*.rz=01;31:*.jpg=01;35:*.jpeg=01;35:*.gif=01;35:*.bmp=01;35:*.pbm=01;35:*.pgm=01;35:*.ppm=01;35:*.tga=01;35:*.xbm=01;35:*.xpm=01;35:*.tif=01;35:*.tiff=01;35:*.png=01;35:*.svg=01;35:*.svgz=01;35:*.mng=01;35:*.pcx=01;35:*.mov=01;35:*.mpg=01;35:*.mpeg=01;35:*.m2v=01;35:*.mkv=01;35:*.ogm=01;35:*.mp4=01;35:*.m4v=01;35:*.mp4v=01;35:*.vob=01;35:*.qt=01;35:*.nuv=01;35:*.wmv=01;35:*.asf=01;35:*.rm=01;35:*.rmvb=01;35:*.flc=01;35:*.avi=01;35:*.fli=01;35:*.flv=01;35:*.gl=01;35:*.dl=01;35:*.xcf=01;35:*.xwd=01;35:*.yuv=01;35:*.cgm=01;35:*.emf=01;35:*.axv=01;35:*.anx=01;35:*.ogv=01;35:*.ogx=01;35:*.aac=01;36:*.au=01;36:*.flac=01;36:*.mid=01;36:*.midi=01;36:*.mka=01;36:*.mp3=01;36:*.mpc=01;36:*.ogg=01;36:*.ra=01;36:*.wav=01;36:*.axa=01;36:*.oga=01;36:*.spx=01;36:*.xspf=01;36:
MAIL=/var/spool/mail/yuhong
PATH=/usr/cad/cadence/INCISIV/cur/tools/bin/64bit:/usr/cad/cadence/INCISIV/cur/tools/bin/64bit:/usr/cad/cadence/INCISIV/cur/tools/bin/64bit:/usr/cad/CBDK/CBDK018_UMC_Faraday_v1.0/CIC/Memory/ftclib_200901.2.1/EXE:/opt/RISCV/bin:/usr/cad/cadence/INNOVUS/cur/tools/celtic/bin:/usr/cad/cadence/INNOVUS/cur/tools/plato/bin:/usr/cad/cadence/INNOVUS/cur/tools/dfII/bin:/usr/cad/cadence/INNOVUS/cur/tools/bin:/usr/cad/cadence/INNOVUS/cur//tools/tlfUtil/bin:/usr/cad/cadence/JASPER/cur/bin:/home/nfs_cad/synopsys/icc/cur/amd64/syn/bin:/usr/bin/X11:/home/nfs_cad/synopsys/synthesis/cur/amd64/syn/bin:/home/nfs_cad/synopsys/cosmos_scope/cur/ai_bin:/usr/cad/synopsys/hspice/2015.06/hspice/bin:/usr/cad/synopsys/hspice/2015.06/hspice/GNU/linux64/gcc-4.8.3/bin:/usr/cad/synopsys/hspice/2015.06/hspice/linux64:/usr/bin:/usr/ucb/bin:/home/nfs_cad/synopsys/verdi/cur/bin:/home/nfs_cad/synopsys/verdi/cur/nLint/bin:/usr/cad/cadence/INCISIV/cur/tools/bin:/usr/cad/cadence/INCISIV/cur/tools/vtools/vfault/bin:/usr/cad/cadence/INCISIV/cur/tools/dfII/bin:/home/nfs_cad/mentor/modelsim/10.2/modeltech/bin:/usr/lib64/qt-3.3/bin:/usr/local/bin:/bin:/usr/bin:/usr/local/sbin:/usr/sbin:/sbin
PWD=/home/yuhong/computer_organization/computer_organization/computer_organization_hw/hw4/src
SELINUX_LEVEL_REQUESTED=
SSH_ASKPASS=/usr/libexec/openssh/gnome-ssh-askpass
HISTCONTROL=ignoredups
SHLVL=2
HOME=/home/yuhong
LANGUAGE=en_US.UTF-8
LOGNAME=yuhong
QTLIB=/usr/lib64/qt-3.3/lib
CVS_RSH=ssh
SSH_CONNECTION=140.116.245.113 59250 140.116.245.125 22
LESSOPEN=|/usr/bin/lesspipe.sh %s
DISPLAY=localhost:13.0
G_BROKEN_FILENAMES=1
_=/bin/tcsh
HOSTTYPE=x86_64-linux
VENDOR=unknown
OSTYPE=linux
MACHTYPE=x86_64
GROUP=users
HOST=ideal125
REMOTEHOST=140.116.245.113
LM_LICENSE_FILE=27000@vlsicad8:26585@lsncku:5280@lscic:5280@lsncu:5280@lsntu:1717@lsncku
MTI_VCO_MODE=64
MGC_HOME=/home/nfs_cad/mentor/modelsim/10.2
MGC_TMPDIR=/tmp
MGC_LOCATION_MAP=NO_MAP
LD_LIBRARY_PATH=:/usr/cad/cadence/INNOVUS/cur//tools/tlfUtil/lib:/usr/cad/synopsys/hspice/2015.06/hspice/linux64/interfaces:/home/nfs_cad/synopsys/verdi/cur/share/PLI/IUS/LINUX64/:/usr/cad/cadence/INCISIV/cur/tools/lib/64bit:/usr/cad/cadence/INCISIV/cur/tools/lib:/usr/cad/cadence/INCISIV/cur/tools/vtools/vfault/lib:/usr/openwin/lib:/usr/dt/lib:/usr/lib:/usr/local/lib
SHLIB_PATH=/home/nfs_cad/synopsys/verdi/cur/share/PLI/IUS/LINUX64
installdir=/usr/cad/synopsys/hspice/2015.06/hspice
ARCH=linux64
CMIARCH=RH
mraarch=linux64
TMIARCH=RH
HSP_HOME=/usr/cad/synopsys/hspice/2015.06/hspice
SNPS_PLATFORM=linux64
HSP_GCC=/usr/cad/synopsys/hspice/2015.06/hspice/GNU/linux64/gcc-4.8.3/bin/gcc -m64 
SNPS_64=1
HSP_GCC_VERSION=4.8.3
CDS_LOAD_ENV=CSF
SYNTHESIS=/home/nfs_cad/synopsys/synthesis/cur
SYNOPSYS=/home/nfs_cad/synopsys/icc/cur
SYN_MAN_DIR=/home/nfs_cad/synopsys/synthesis/cur/doc/syn/man
MANPATH=/home/nfs_cad/synopsys/synthesis/cur/doc/syn/man
ENCOUNTER=/usr/cad/cadence/INNOVUS/cur/tools/fe
OA_HOME=/usr/cad/cadence/INNOVUS/cur/oa
_IRUNROOT_=/usr/cad/cadence/INCISIV/cur/tools
CDS_ARCH=lnx86
NCRUNMODE=ncverilog:./INCA_libs/irun.lnx8664.14.10.nc
IRUNBATCH=FALSE
IMPERAS_PORT_FILE=.vsp_ovp_gdb_port
TCL_LIBRARY=/usr/cad/cadence/INCISIV/cur/tools/inca/files/tcl/library
Runtime command line arguments:
argv[0]=ncverilog
argv[1]=-f
argv[2]=presim.f
argv[3]=top_tb.v
argv[4]=../src/top.v
argv[5]=+nc64bit
argv[6]=+access+r
93 profile - 100
          CPU/Mem usage: 0.050 sys,  0.050 user,  91.27M sys,  0.00M vm
94 VC callback profile - scalar:0 vector:0
95 Tue Feb 11 11:36:57 2020
96 pliAppInit
97 FSDB_GATE is disabled.
98 Enable Parallel Dumping.
99 pliAppMiscSet: New Sim Round
100 pliEntryInit
101 LIBSSCORE=found /home/nfs_cad/synopsys/verdi/cur/share/PLI/IUS/LINUX64/libsscore_ius141.so through $LD_LIBRARY_PATH setting.
102 argv[0]: top.fsdb
103 argv[0]: +struct
104 argv[1]: +mda
105 argv[2]: (handle)0x3bf8948 top_tb.TOP
106 FSDB Dumper for IUS, Release Verdi_O-2018.09, Linux x86_64/64bit, 08/30/2018
107 (C) 1996 - 2018 by Synopsys, Inc.
108 sps_call_fsdbDumpfile at 0 : /home/yuhong/computer_organization/computer_organization/computer_organization_hw/hw4/src/top_tb.v(94)
109 argv[0]: top.fsdb
110 *Verdi* FSDB WARNING: The FSDB file already exists. Overwriting the FSDB file may crash the programs that are using this file.
111 *Verdi* : Create FSDB file 'top.fsdb'
112 sps_call_fsdbDumpvars at 0 : /home/yuhong/computer_organization/computer_organization/computer_organization_hw/hw4/src/top_tb.v(95)
113 argv[0]: +struct
114 argv[1]: +mda
115 argv[2]: (handle)0x3bf8928 top_tb.TOP
116 *Verdi* : Begin traversing the scope (top_tb.TOP), layer (0).
117 *Verdi* : Enable +struct and +mda dumping.
118 *Verdi* : End of traversing.
119 fsdbDumpvars traverse var: profile - 
          CPU/Mem usage: 0.080 sys,  0.660 user,  200.61M sys,  0.00M vm
                   incr: 0.020 sys,  0.600 user,  26.22M sys,  0.00M vm
                   accu: 0.020 sys,  0.600 user,  26.22M sys,  0.00M vm
              accu incr: 0.020 sys,  0.600 user,  26.22M sys,  0.00M vm

          Count usage: 131200 var,  131165 idcode,  131173 callback
                 incr: 131200 var,  131165 idcode,  131173 callback
                 accu: 131200 var,  131165 idcode,  131173 callback
            accu incr: 131200 var,  131165 idcode,  131173 callback
120 VC callback profile - scalar:0 vector:0
121 Tue Feb 11 11:36:58 2020
122 fsdbDumpvars: profile - 
          CPU/Mem usage: 0.090 sys,  0.740 user,  210.07M sys,  0.00M vm
                   incr: 0.010 sys,  0.080 user,  9.47M sys,  0.00M vm
                   accu: 0.030 sys,  0.680 user,  35.69M sys,  0.00M vm
              accu incr: 0.010 sys,  0.080 user,  9.47M sys,  0.00M vm

          Count usage: 131200 var,  131165 idcode,  131173 callback
                 incr: 0 var,  0 idcode,  0 callback
                 accu: 131200 var,  131165 idcode,  131173 callback
            accu incr: 0 var,  0 idcode,  0 callback
123 VC callback profile - scalar:22 vector:131143
124 Tue Feb 11 11:36:58 2020
125 End of simulation at 5033000
126 VC callback profile - scalar:35404 vector:291905
127 Tue Feb 11 11:36:58 2020
128 Begin FSDB profile info:
129 FSDB Writer : bc1(35404) bcn(291905) mtf/stf(0/0)
FSDB Writer elapsed time : flush(0.183257) io wait(0.000000) theadpool wait(0.000000) target functin(0.000000)
FSDB Writer cpu time : MT Compression : 0
130 End FSDB profile info
131 Parallel profile    -  Flush:3 Expand:0 ProduceWait:0 ConsumerWait:0 BlockUsed:1
132                        ProduceTime:1.036885047 ConsumerTime:0.023061825 Buffer:64MB
133 SimExit
134 Sim process exit
